<?xml version="1.0" encoding="UTF-8"?>
<testng-results ignored="0" total="0" passed="0" failed="0" skipped="0">
  <reporter-output>
  </reporter-output>
  <suite started-at="2023-05-05T23:09:41 EDT" name="Default suite" finished-at="2023-05-05T23:09:41 EDT" duration-ms="157">
    <groups>
      <group name="cucumber">
        <method signature="AbstractTestNGCucumberTests.runScenario(io.cucumber.testng.PickleWrapper,io.cucumber.testng.FeatureWrapper)[pri:0, instance:Testrunners.testrunner@333d4a8c]" name="runScenario" class="io.cucumber.testng.AbstractTestNGCucumberTests"/>
      </group> <!-- cucumber -->
    </groups>
    <test started-at="2023-05-05T23:09:41 EDT" name="Default test" finished-at="2023-05-05T23:09:41 EDT" duration-ms="157">
      <class name="Testrunners.testrunner">
        <test-method is-config="true" signature="setUpClass(org.testng.ITestContext)[pri:0, instance:Testrunners.testrunner@333d4a8c]" started-at="2023-05-05T23:09:41 EDT" name="setUpClass" finished-at="2023-05-05T23:09:41 EDT" duration-ms="124" status="PASS">
          <params>
            <param index="0">
              <value>
                <![CDATA[org.testng.TestRunner@2e554a3b]]>
              </value>
            </param>
          </params>
          <reporter-output>
          </reporter-output>
        </test-method> <!-- setUpClass -->
        <test-method is-config="true" signature="tearDownClass()[pri:0, instance:Testrunners.testrunner@333d4a8c]" started-at="2023-05-05T23:09:41 EDT" name="tearDownClass" finished-at="2023-05-05T23:09:41 EDT" duration-ms="6" status="PASS">
          <reporter-output>
          </reporter-output>
        </test-method> <!-- tearDownClass -->
      </class> <!-- Testrunners.testrunner -->
    </test> <!-- Default test -->
  </suite> <!-- Default suite -->
</testng-results>
